{"C:\\Users\\Lenny\\Desktop\\Javascript\\JavaScript Roadmap\\Algorithms and data structure\\Sets\\sets.js": {"path":"C:\\Users\\Lenny\\Desktop\\Javascript\\JavaScript Roadmap\\Algorithms and data structure\\Sets\\sets.js","statementMap":{"0":{"start":{"line":2,"column":4},"end":{"line":6,"column":5}},"1":{"start":{"line":3,"column":6},"end":{"line":5,"column":7}},"2":{"start":{"line":4,"column":8},"end":{"line":4,"column":21}},"3":{"start":{"line":7,"column":4},"end":{"line":7,"column":16}},"4":{"start":{"line":11,"column":19},"end":{"line":11,"column":32}},"5":{"start":{"line":12,"column":4},"end":{"line":14,"column":5}},"6":{"start":{"line":13,"column":6},"end":{"line":13,"column":23}},"7":{"start":{"line":15,"column":4},"end":{"line":15,"column":18}},"8":{"start":{"line":19,"column":26},"end":{"line":19,"column":35}},"9":{"start":{"line":20,"column":4},"end":{"line":24,"column":5}},"10":{"start":{"line":21,"column":6},"end":{"line":23,"column":7}},"11":{"start":{"line":22,"column":8},"end":{"line":22,"column":32}},"12":{"start":{"line":25,"column":4},"end":{"line":25,"column":25}},"13":{"start":{"line":29,"column":24},"end":{"line":29,"column":37}},"14":{"start":{"line":30,"column":4},"end":{"line":36,"column":5}},"15":{"start":{"line":31,"column":6},"end":{"line":35,"column":7}},"16":{"start":{"line":32,"column":8},"end":{"line":32,"column":33}},"17":{"start":{"line":34,"column":8},"end":{"line":34,"column":30}},"18":{"start":{"line":37,"column":4},"end":{"line":37,"column":23}},"19":{"start":{"line":41,"column":24},"end":{"line":41,"column":37}},"20":{"start":{"line":42,"column":4},"end":{"line":44,"column":5}},"21":{"start":{"line":43,"column":6},"end":{"line":43,"column":31}},"22":{"start":{"line":45,"column":4},"end":{"line":45,"column":23}},"23":{"start":{"line":49,"column":15},"end":{"line":49,"column":36}},"24":{"start":{"line":50,"column":15},"end":{"line":50,"column":30}},"25":{"start":{"line":51,"column":15},"end":{"line":51,"column":36}},"26":{"start":{"line":53,"column":2},"end":{"line":53,"column":25}},"27":{"start":{"line":54,"column":2},"end":{"line":54,"column":20}},"28":{"start":{"line":55,"column":2},"end":{"line":55,"column":27}},"29":{"start":{"line":56,"column":2},"end":{"line":56,"column":34}},"30":{"start":{"line":57,"column":2},"end":{"line":57,"column":25}},"31":{"start":{"line":59,"column":2},"end":{"line":59,"column":85}}},"fnMap":{"0":{"name":"isSuperset","decl":{"start":{"line":1,"column":9},"end":{"line":1,"column":19}},"loc":{"start":{"line":1,"column":33},"end":{"line":8,"column":3}},"line":1},"1":{"name":"union","decl":{"start":{"line":10,"column":11},"end":{"line":10,"column":16}},"loc":{"start":{"line":10,"column":29},"end":{"line":16,"column":3}},"line":10},"2":{"name":"intersection","decl":{"start":{"line":18,"column":11},"end":{"line":18,"column":23}},"loc":{"start":{"line":18,"column":36},"end":{"line":26,"column":3}},"line":18},"3":{"name":"symmetricDifference","decl":{"start":{"line":28,"column":11},"end":{"line":28,"column":30}},"loc":{"start":{"line":28,"column":43},"end":{"line":38,"column":3}},"line":28},"4":{"name":"difference","decl":{"start":{"line":40,"column":11},"end":{"line":40,"column":21}},"loc":{"start":{"line":40,"column":34},"end":{"line":46,"column":3}},"line":40}},"branchMap":{"0":{"loc":{"start":{"line":3,"column":6},"end":{"line":5,"column":7}},"type":"if","locations":[{"start":{"line":3,"column":6},"end":{"line":5,"column":7}},{"start":{},"end":{}}],"line":3},"1":{"loc":{"start":{"line":21,"column":6},"end":{"line":23,"column":7}},"type":"if","locations":[{"start":{"line":21,"column":6},"end":{"line":23,"column":7}},{"start":{},"end":{}}],"line":21},"2":{"loc":{"start":{"line":31,"column":6},"end":{"line":35,"column":7}},"type":"if","locations":[{"start":{"line":31,"column":6},"end":{"line":35,"column":7}},{"start":{"line":33,"column":13},"end":{"line":35,"column":7}}],"line":31}},"s":{"0":3,"1":6,"2":0,"3":3,"4":3,"5":3,"6":12,"7":3,"8":3,"9":3,"10":12,"11":6,"12":3,"13":3,"14":3,"15":12,"16":6,"17":6,"18":3,"19":3,"20":3,"21":12,"22":3,"23":1,"24":1,"25":1,"26":1,"27":1,"28":1,"29":1,"30":1,"31":1},"f":{"0":3,"1":3,"2":3,"3":3,"4":3},"b":{"0":[0,6],"1":[6,6],"2":[6,6]},"_coverageSchema":"1a1c01bbd47fc00a2c39e90264f33305004495a9","hash":"52d4e1e1998e577e9c0fe3b6ecf093ef017754c8"}
,"C:\\Users\\Lenny\\Desktop\\Javascript\\JavaScript Roadmap\\Algorithms and data structure\\Stack\\stack.js": {"path":"C:\\Users\\Lenny\\Desktop\\Javascript\\JavaScript Roadmap\\Algorithms and data structure\\Stack\\stack.js","statementMap":{"0":{"start":{"line":4,"column":8},"end":{"line":4,"column":24}},"1":{"start":{"line":8,"column":8},"end":{"line":8,"column":40}},"2":{"start":{"line":12,"column":8},"end":{"line":14,"column":9}},"3":{"start":{"line":13,"column":12},"end":{"line":13,"column":36}},"4":{"start":{"line":18,"column":8},"end":{"line":18,"column":49}},"5":{"start":{"line":22,"column":7},"end":{"line":22,"column":37}},"6":{"start":{"line":26,"column":8},"end":{"line":26,"column":33}},"7":{"start":{"line":30,"column":8},"end":{"line":30,"column":24}},"8":{"start":{"line":34,"column":12},"end":{"line":34,"column":23}},"9":{"start":{"line":36,"column":0},"end":{"line":36,"column":13}},"10":{"start":{"line":37,"column":0},"end":{"line":37,"column":13}},"11":{"start":{"line":38,"column":0},"end":{"line":38,"column":13}},"12":{"start":{"line":39,"column":0},"end":{"line":39,"column":13}},"13":{"start":{"line":40,"column":0},"end":{"line":40,"column":25}},"14":{"start":{"line":42,"column":0},"end":{"line":42,"column":15}},"15":{"start":{"line":43,"column":0},"end":{"line":43,"column":25}},"16":{"start":{"line":45,"column":0},"end":{"line":45,"column":26}},"17":{"start":{"line":47,"column":0},"end":{"line":47,"column":29}},"18":{"start":{"line":49,"column":0},"end":{"line":49,"column":26}},"19":{"start":{"line":51,"column":0},"end":{"line":51,"column":14}},"20":{"start":{"line":52,"column":0},"end":{"line":52,"column":25}},"21":{"start":{"line":54,"column":0},"end":{"line":54,"column":30}}},"fnMap":{"0":{"name":"(anonymous_0)","decl":{"start":{"line":3,"column":4},"end":{"line":3,"column":5}},"loc":{"start":{"line":3,"column":18},"end":{"line":5,"column":5}},"line":3},"1":{"name":"(anonymous_1)","decl":{"start":{"line":7,"column":4},"end":{"line":7,"column":5}},"loc":{"start":{"line":7,"column":17},"end":{"line":9,"column":5}},"line":7},"2":{"name":"(anonymous_2)","decl":{"start":{"line":11,"column":4},"end":{"line":11,"column":5}},"loc":{"start":{"line":11,"column":13},"end":{"line":15,"column":5}},"line":11},"3":{"name":"(anonymous_3)","decl":{"start":{"line":17,"column":4},"end":{"line":17,"column":5}},"loc":{"start":{"line":17,"column":11},"end":{"line":19,"column":5}},"line":17},"4":{"name":"(anonymous_4)","decl":{"start":{"line":21,"column":4},"end":{"line":21,"column":5}},"loc":{"start":{"line":21,"column":13},"end":{"line":23,"column":5}},"line":21},"5":{"name":"(anonymous_5)","decl":{"start":{"line":25,"column":4},"end":{"line":25,"column":5}},"loc":{"start":{"line":25,"column":10},"end":{"line":27,"column":5}},"line":25},"6":{"name":"(anonymous_6)","decl":{"start":{"line":29,"column":4},"end":{"line":29,"column":5}},"loc":{"start":{"line":29,"column":11},"end":{"line":31,"column":5}},"line":29}},"branchMap":{"0":{"loc":{"start":{"line":12,"column":8},"end":{"line":14,"column":9}},"type":"if","locations":[{"start":{"line":12,"column":8},"end":{"line":14,"column":9}},{"start":{},"end":{}}],"line":12}},"s":{"0":2,"1":8,"2":2,"3":2,"4":3,"5":3,"6":3,"7":1,"8":1,"9":1,"10":1,"11":1,"12":1,"13":1,"14":1,"15":1,"16":1,"17":1,"18":1,"19":1,"20":1,"21":1},"f":{"0":2,"1":8,"2":2,"3":3,"4":3,"5":3,"6":1},"b":{"0":[2,0]},"_coverageSchema":"1a1c01bbd47fc00a2c39e90264f33305004495a9","hash":"7afa90cd43e407daf25e25df95bd134b7a55df24"}
}
