TN:
SF:Sets\sets.js
FN:1,isSuperset
FN:10,union
FN:18,intersection
FN:28,symmetricDifference
FN:40,difference
FNF:5
FNH:5
FNDA:3,isSuperset
FNDA:3,union
FNDA:3,intersection
FNDA:3,symmetricDifference
FNDA:3,difference
DA:2,3
DA:3,6
DA:4,0
DA:7,3
DA:11,3
DA:12,3
DA:13,12
DA:15,3
DA:19,3
DA:20,3
DA:21,12
DA:22,6
DA:25,3
DA:29,3
DA:30,3
DA:31,12
DA:32,6
DA:34,6
DA:37,3
DA:41,3
DA:42,3
DA:43,12
DA:45,3
DA:49,1
DA:50,1
DA:51,1
DA:53,1
DA:54,1
DA:55,1
DA:56,1
DA:57,1
DA:59,1
LF:32
LH:31
BRDA:3,0,0,0
BRDA:3,0,1,6
BRDA:21,1,0,6
BRDA:21,1,1,6
BRDA:31,2,0,6
BRDA:31,2,1,6
BRF:6
BRH:5
end_of_record
TN:
SF:Stack\stack.js
FN:3,(anonymous_0)
FN:7,(anonymous_1)
FN:11,(anonymous_2)
FN:17,(anonymous_3)
FN:21,(anonymous_4)
FN:25,(anonymous_5)
FN:29,(anonymous_6)
FNF:7
FNH:7
FNDA:2,(anonymous_0)
FNDA:8,(anonymous_1)
FNDA:2,(anonymous_2)
FNDA:3,(anonymous_3)
FNDA:3,(anonymous_4)
FNDA:3,(anonymous_5)
FNDA:1,(anonymous_6)
DA:4,2
DA:8,8
DA:12,2
DA:13,2
DA:18,3
DA:22,3
DA:26,3
DA:30,1
DA:34,1
DA:36,1
DA:37,1
DA:38,1
DA:39,1
DA:40,1
DA:42,1
DA:43,1
DA:45,1
DA:47,1
DA:49,1
DA:51,1
DA:52,1
DA:54,1
LF:22
LH:22
BRDA:12,0,0,2
BRDA:12,0,1,0
BRF:2
BRH:1
end_of_record
